  main.cpp
C:\Program Files (x86)\Windows Kits\8.1\Include\shared\minwindef.h(130): warning C4005: 'APIENTRY': macro redefinition
  D:\dev\Libraries\nanogui\ext\glad\include\glad/glad.h(30): note: see previous definition of 'APIENTRY'
main.cpp(192): warning C4101: 'ex': unreferenced local variable
main.cpp(204): warning C4101: 'ex': unreferenced local variable
main.cpp(215): warning C4101: 'ex': unreferenced local variable
main.cpp(228): warning C4101: 'ex': unreferenced local variable
main.cpp(241): warning C4101: 'ex': unreferenced local variable
main.cpp(259): warning C4101: 'ex': unreferenced local variable
main.cpp(276): warning C4101: 'ex': unreferenced local variable
main.cpp(301): warning C4101: 'ex': unreferenced local variable
main.cpp(313): warning C4101: 'ex': unreferenced local variable
main.cpp(324): warning C4101: 'ex': unreferenced local variable
main.cpp(484): warning C4100: 'sender': unreferenced formal parameter
main.cpp(651): warning C4551: function call missing argument list
main.cpp(689): warning C4189: 'enabled': local variable is initialized but not referenced
  Generating code
  All 1383 functions were compiled because no usable IPDB/IOBJ from previous compilation was found.
  Finished generating code
  ASP.vcxproj -> D:\dev\cpp\VS2015\asp\ASP\x64\Release\ASP.exe
